<?xml version="1.0" encoding="UTF-8"?>
<!-- Generated by org.testng.reporters.JUnitReportReporter -->
<testsuite hostname="DESKTOP-NDNIDEC" failures="0" tests="2" name="ffm.techserve4u.admin.test.ListCompaniesTest" time="5.511" errors="0" timestamp="2020-11-05T18:10:10 EST" skipped="0">
  <testcase classname="ffm.techserve4u.admin.test.ListCompaniesTest" name="LoginSadmin" time="5.510"/>
  <system-out/>
  <testcase classname="ffm.techserve4u.admin.test.ListCompaniesTest" name="afterClass" time="0.001"/>
  <system-out/>
</testsuite> <!-- ffm.techserve4u.admin.test.ListCompaniesTest -->
