<?xml version="1.0" encoding="UTF-8"?>
<!-- Generated by org.testng.reporters.JUnitReportReporter -->
<testsuite hostname="DESKTOP-NDNIDEC" failures="0" tests="1" name="ffm.techserve4u.admin.test.AddNewCompany" time="5.937" errors="0" timestamp="2020-11-06T15:37:09 EST" skipped="0">
  <testcase classname="ffm.techserve4u.admin.test.AddNewCompany" name="AddCompany" time="5.937"/>
  <system-out/>
</testsuite> <!-- ffm.techserve4u.admin.test.AddNewCompany -->
