<?xml version="1.0" encoding="UTF-8"?>
<!-- Generated by org.testng.reporters.JUnitReportReporter -->
<testsuite hostname="DESKTOP-NDNIDEC" failures="0" tests="1" name="ffm.techserve4u.admin.test.LoginSuperAdmin" time="0.057" errors="0" timestamp="2020-11-02T02:43:18 EST" skipped="0">
  <testcase classname="ffm.techserve4u.admin.test.LoginSuperAdmin" name="loginPanelAssertion" time="0.057"/>
  <system-out/>
</testsuite> <!-- ffm.techserve4u.admin.test.LoginSuperAdmin -->
