<?xml version="1.0" encoding="UTF-8"?>
<!-- Generated by org.testng.reporters.JUnitReportReporter -->
<testsuite hostname="DESKTOP-NDNIDEC" failures="0" tests="1" name="ffm.techserve4u.admin.test.ListSuperAdmin" time="5.055" errors="0" timestamp="2020-11-07T00:39:47 EST" skipped="0">
  <testcase classname="ffm.techserve4u.admin.test.ListSuperAdmin" name="ListSupAdmin" time="5.055"/>
  <system-out/>
</testsuite> <!-- ffm.techserve4u.admin.test.ListSuperAdmin -->
