<?xml version="1.0" encoding="UTF-8"?>
<!-- Generated by org.testng.reporters.JUnitReportReporter -->
<testsuite hostname="DESKTOP-NDNIDEC" failures="0" tests="1" name="Company_admin_test.listAttendance" time="4.276" errors="0" timestamp="2020-11-12T19:57:15 EST" skipped="0">
  <testcase classname="Company_admin_test.listAttendance" name="LisTAttendance" time="4.276"/>
  <system-out/>
</testsuite> <!-- Company_admin_test.listAttendance -->
