<?xml version="1.0" encoding="UTF-8"?>
<!-- Generated by org.testng.reporters.JUnitReportReporter -->
<testsuite hostname="DESKTOP-NDNIDEC" failures="0" tests="1" name="Company_admin_test.AssignTaskTest" time="4.221" errors="0" timestamp="2020-11-07T20:28:29 EST" skipped="0">
  <testcase classname="Company_admin_test.AssignTaskTest" name="AddNewTask" time="4.221"/>
  <system-out/>
</testsuite> <!-- Company_admin_test.AssignTaskTest -->
