<?xml version="1.0" encoding="UTF-8"?>
<!-- Generated by org.testng.reporters.JUnitReportReporter -->
<testsuite hostname="DESKTOP-NDNIDEC" failures="0" tests="1" name="Company_admin_test.AssignAttenDance" time="4.924" errors="0" timestamp="2020-11-07T23:44:19 EST" skipped="0">
  <testcase classname="Company_admin_test.AssignAttenDance" name="AddAttendance" time="4.924"/>
  <system-out/>
</testsuite> <!-- Company_admin_test.AssignAttenDance -->
