<?xml version="1.0" encoding="UTF-8"?>
<!-- Generated by org.testng.reporters.JUnitReportReporter -->
<testsuite hostname="DESKTOP-NDNIDEC" failures="0" tests="1" name="ffm.techserve4u.admin.test.AddcompanyADmin" time="4.595" errors="0" timestamp="2020-11-06T17:53:54 EST" skipped="0">
  <testcase classname="ffm.techserve4u.admin.test.AddcompanyADmin" name="Add_company" time="4.595"/>
  <system-out/>
</testsuite> <!-- ffm.techserve4u.admin.test.AddcompanyADmin -->
