<?xml version="1.0" encoding="UTF-8"?>
<!-- Generated by org.testng.reporters.JUnitReportReporter -->
<testsuite hostname="DESKTOP-NDNIDEC" failures="0" tests="1" name="ffm.techserve4u.admin.test.ListCompanyAdmin" time="6.255" errors="0" timestamp="2020-11-06T17:11:34 EST" skipped="0">
  <testcase classname="ffm.techserve4u.admin.test.ListCompanyAdmin" name="ListcompanyAdmins" time="6.255"/>
  <system-out/>
</testsuite> <!-- ffm.techserve4u.admin.test.ListCompanyAdmin -->
