<?xml version="1.0" encoding="UTF-8"?>
<!-- Generated by org.testng.reporters.JUnitReportReporter -->
<testsuite hostname="DESKTOP-NDNIDEC" failures="0" tests="1" name="Company_admin_test.Adduser" time="3.670" errors="0" timestamp="2020-11-07T17:14:15 EST" skipped="0">
  <testcase classname="Company_admin_test.Adduser" name="AddingUsers" time="3.670"/>
  <system-out/>
</testsuite> <!-- Company_admin_test.Adduser -->
