<?xml version="1.0" encoding="UTF-8"?>
<!-- Generated by org.testng.reporters.JUnitReportReporter -->
<testsuite hostname="DESKTOP-NDNIDEC" failures="0" tests="1" name="Company_admin_test.ListTasks" time="5.386" errors="0" timestamp="2020-11-07T17:31:29 EST" skipped="0">
  <testcase classname="Company_admin_test.ListTasks" name="ListTASK" time="5.386"/>
  <system-out/>
</testsuite> <!-- Company_admin_test.ListTasks -->
