<?xml version="1.0" encoding="UTF-8"?>
<!-- Generated by org.testng.reporters.JUnitReportReporter -->
<testsuite hostname="DESKTOP-NDNIDEC" failures="0" tests="1" name="ffm.techserve4u.admin.test.Logout" time="2.559" errors="0" timestamp="2020-11-07T00:26:59 EST" skipped="0">
  <testcase classname="ffm.techserve4u.admin.test.Logout" name="logout" time="2.559"/>
  <system-out/>
</testsuite> <!-- ffm.techserve4u.admin.test.Logout -->
