<?xml version="1.0" encoding="UTF-8"?>
<!-- Generated by org.testng.reporters.JUnitReportReporter -->
<testsuite hostname="DESKTOP-NDNIDEC" failures="0" tests="1" name="company_admin_testClasses.Adduser" time="2.830" errors="0" timestamp="2020-11-17T17:30:09 EST" skipped="0">
  <testcase classname="company_admin_testClasses.Adduser" name="AddingUsers" time="2.830"/>
  <system-out/>
</testsuite> <!-- company_admin_testClasses.Adduser -->
