<?xml version="1.0" encoding="UTF-8"?>
<!-- Generated by org.testng.reporters.JUnitReportReporter -->
<testsuite hostname="DESKTOP-NDNIDEC" failures="0" tests="1" name="Company_admin_test.Listdelivery" time="4.944" errors="0" timestamp="2020-11-08T18:10:34 EST" skipped="0">
  <testcase classname="Company_admin_test.Listdelivery" name="listDeliv" time="4.944"/>
  <system-out/>
</testsuite> <!-- Company_admin_test.Listdelivery -->
