<?xml version="1.0" encoding="UTF-8"?>
<!-- Generated by org.testng.reporters.JUnitReportReporter -->
<testsuite hostname="DESKTOP-NDNIDEC" failures="0" tests="1" name="Company_admin_test.ListUser" time="3.878" errors="0" timestamp="2020-11-07T15:18:17 EST" skipped="0">
  <testcase classname="Company_admin_test.ListUser" name="Listuser" time="3.878"/>
  <system-out/>
</testsuite> <!-- Company_admin_test.ListUser -->
