<?xml version="1.0" encoding="UTF-8"?>
<!-- Generated by org.testng.reporters.JUnitReportReporter -->
<testsuite hostname="DESKTOP-NDNIDEC" failures="0" tests="1" name="ffm.techserve4u.admin.test.UpdatePassword" time="4.015" errors="0" timestamp="2020-11-05T21:12:34 EST" skipped="0">
  <testcase classname="ffm.techserve4u.admin.test.UpdatePassword" name="passWordUpdate" time="4.015"/>
  <system-out/>
</testsuite> <!-- ffm.techserve4u.admin.test.UpdatePassword -->
