<?xml version="1.0" encoding="UTF-8"?>
<!-- Generated by org.testng.reporters.JUnitReportReporter -->
<testsuite hostname="DESKTOP-NDNIDEC" failures="0" tests="1" name="company_admin_testClasses.Company_admin_login" time="3.315" errors="0" timestamp="2020-11-18T16:54:15 EST" skipped="0">
  <testcase classname="company_admin_testClasses.Company_admin_login" name="LoginSAdmin" time="3.315"/>
  <system-out/>
</testsuite> <!-- company_admin_testClasses.Company_admin_login -->
